[debug] [2024-07-07T06:53:12.424Z] ----------------------------------------------------------------------
[debug] [2024-07-07T06:53:12.427Z] Command:       C:\Program Files\nodejs\node.exe C:\Program Files\nodejs\node_modules\firebase-tools\lib\bin\firebase.js init
[debug] [2024-07-07T06:53:12.427Z] CLI Version:   13.13.0
[debug] [2024-07-07T06:53:12.427Z] Platform:      win32
[debug] [2024-07-07T06:53:12.427Z] Node Version:  v22.1.0
[debug] [2024-07-07T06:53:12.428Z] Time:          Sun Jul 07 2024 13:53:12 GMT+0700 (Indochina Time)
[debug] [2024-07-07T06:53:12.428Z] ----------------------------------------------------------------------
[debug] 
[debug] [2024-07-07T06:53:12.436Z] > command requires scopes: ["email","openid","https://www.googleapis.com/auth/cloudplatformprojects.readonly","https://www.googleapis.com/auth/firebase","https://www.googleapis.com/auth/cloud-platform"]
[debug] [2024-07-07T06:53:12.436Z] > authorizing via signed-in user (nguyenminhkhoa1311@gmail.com)
[info] 
     ######## #### ########  ######## ########     ###     ######  ########
     ##        ##  ##     ## ##       ##     ##  ##   ##  ##       ##
     ######    ##  ########  ######   ########  #########  ######  ######
     ##        ##  ##    ##  ##       ##     ## ##     ##       ## ##
     ##       #### ##     ## ######## ########  ##     ##  ######  ########

You're about to initialize a Firebase project in this directory:

  C:\Users\Admin\OneDrive\Máy tính\KLTN

[info] 
=== Project Setup
[info] 
[info] First, let's associate this project directory with a Firebase project.
[info] You can create multiple project aliases by running firebase use --add, 
[info] but for now we'll just set up a default project.
[info] 
[debug] [2024-07-07T06:53:20.764Z] >>> [apiv2][query] GET https://firebase.googleapis.com/v1beta1/projects pageSize=100
[debug] [2024-07-07T06:53:21.348Z] <<< [apiv2][status] GET https://firebase.googleapis.com/v1beta1/projects 200
[debug] [2024-07-07T06:53:21.348Z] <<< [apiv2][body] GET https://firebase.googleapis.com/v1beta1/projects [omitted]
[info] i  Using project storagedoan (StorageDoAn) 
[info] 
=== Storage Setup
[info] 
[info] Firebase Storage Security Rules allow you to define how and when to allow
[info] uploads and downloads. You can keep these rules in your project directory
[info] and publish them with firebase deploy.
[info] 
[debug] [2024-07-07T06:55:55.871Z] ----------------------------------------------------------------------
[debug] [2024-07-07T06:55:55.874Z] Command:       C:\Program Files\nodejs\node.exe C:\Program Files\nodejs\node_modules\firebase-tools\lib\bin\firebase.js init
[debug] [2024-07-07T06:55:55.874Z] CLI Version:   13.13.0
[debug] [2024-07-07T06:55:55.874Z] Platform:      win32
[debug] [2024-07-07T06:55:55.874Z] Node Version:  v22.1.0
[debug] [2024-07-07T06:55:55.874Z] Time:          Sun Jul 07 2024 13:55:55 GMT+0700 (Indochina Time)
[debug] [2024-07-07T06:55:55.875Z] ----------------------------------------------------------------------
[debug] 
[debug] [2024-07-07T06:55:55.883Z] > command requires scopes: ["email","openid","https://www.googleapis.com/auth/cloudplatformprojects.readonly","https://www.googleapis.com/auth/firebase","https://www.googleapis.com/auth/cloud-platform"]
[debug] [2024-07-07T06:55:55.883Z] > authorizing via signed-in user (nguyenminhkhoa1311@gmail.com)
[info] 
     ######## #### ########  ######## ########     ###     ######  ########
     ##        ##  ##     ## ##       ##     ##  ##   ##  ##       ##
     ######    ##  ########  ######   ########  #########  ######  ######
     ##        ##  ##    ##  ##       ##     ## ##     ##       ## ##
     ##       #### ##     ## ######## ########  ##     ##  ######  ########

You're about to initialize a Firebase project in this directory:

  C:\Users\Admin\OneDrive\Máy tính\KLTN

